Log file open, 12/30/18 13:51:49
LogWindows: Failed to load 'aqProf.dll' (GetLastError=126)
LogWindows: File 'aqProf.dll' does not exist
LogWindows: Failed to load 'VtuneApi.dll' (GetLastError=126)
LogWindows: File 'VtuneApi.dll' does not exist
LogWindows: Failed to load 'VtuneApi32e.dll' (GetLastError=126)
LogWindows: File 'VtuneApi32e.dll' does not exist
LogConsoleResponse: Display: Failed to find resolution value strings in scalability ini. Falling back to default.
LogInit: Display: Running engine for game: CaciaraInClasse
LogPakFile: Registered encryption key '00000000000000000000000000000000': 0 pak files mounted, 0 remain pending
LogPlatformFile: Not using cached read wrapper
LogTaskGraph: Started task graph with 5 named threads and 35 total threads with 3 sets of task threads.
LogStats: Stats thread started at 0.396190
LogD3D11RHI: Loaded GFSDK_Aftermath_Lib.x64.dll
LogICUInternationalization: ICU TimeZone Detection - Raw Offset: +1:00, Platform Override: ''
LogPluginManager: Mounting plugin Paper2D
LogPluginManager: Mounting plugin AISupport
LogPluginManager: Mounting plugin LightPropagationVolume
LogPluginManager: Mounting plugin ActorLayerUtilities
LogPluginManager: Mounting plugin CLionSourceCodeAccess
LogPluginManager: Mounting plugin CodeLiteSourceCodeAccess
LogPluginManager: Mounting plugin GitSourceControl
LogPluginManager: Mounting plugin KDevelopSourceCodeAccess
LogPluginManager: Mounting plugin NullSourceCodeAccess
LogPluginManager: Mounting plugin PerforceSourceControl
LogPluginManager: Mounting plugin SubversionSourceControl
LogPluginManager: Mounting plugin UObjectPlugin
LogPluginManager: Mounting plugin VisualStudioCodeSourceCodeAccess
LogPluginManager: Mounting plugin VisualStudioSourceCodeAccess
LogPluginManager: Mounting plugin XCodeSourceCodeAccess
LogPluginManager: Mounting plugin AssetManagerEditor
LogPluginManager: Mounting plugin CryptoKeys
LogPluginManager: Mounting plugin DataValidation
LogPluginManager: Mounting plugin FacialAnimation
LogPluginManager: Mounting plugin GameplayTagsEditor
LogPluginManager: Mounting plugin MacGraphicsSwitching
LogPluginManager: Mounting plugin MeshEditor
LogPluginManager: Mounting plugin MobileLauncherProfileWizard
LogPluginManager: Mounting plugin PluginBrowser
LogPluginManager: Mounting plugin SpeedTreeImporter
LogPluginManager: Mounting plugin DatasmithContent
LogPluginManager: Mounting plugin VariantManagerContent
LogPluginManager: Mounting plugin AlembicImporter
LogPluginManager: Mounting plugin AppleImageUtils
LogPluginManager: Mounting plugin AppleVision
LogPluginManager: Mounting plugin BackChannel
LogPluginManager: Mounting plugin CharacterAI
LogPluginManager: Mounting plugin GeometryCache
LogPluginManager: Mounting plugin HTML5Networking
LogPluginManager: Mounting plugin ProxyLODPlugin
LogPluginManager: Mounting plugin MagicLeap
LogPluginManager: Mounting plugin MagicLeapMedia
LogPluginManager: Mounting plugin AndroidMedia
LogPluginManager: Mounting plugin AvfMedia
LogPluginManager: Mounting plugin ImgMedia
LogPluginManager: Mounting plugin LinearTimecode
LogPluginManager: Mounting plugin MediaCompositing
LogPluginManager: Mounting plugin MediaPlayerEditor
LogPluginManager: Mounting plugin WebMMedia
LogPluginManager: Mounting plugin WmfMedia
LogPluginManager: Mounting plugin TcpMessaging
LogPluginManager: Mounting plugin UdpMessaging
LogPluginManager: Mounting plugin ActorSequence
LogPluginManager: Mounting plugin LevelSequenceEditor
LogPluginManager: Mounting plugin MatineeToLevelSequence
LogPluginManager: Mounting plugin NetcodeUnitTest
LogPluginManager: Mounting plugin NUTUnrealEngine4
LogPluginManager: Mounting plugin OnlineSubsystemGooglePlay
LogPluginManager: Mounting plugin OnlineSubsystemIOS
LogPluginManager: Mounting plugin OnlineSubsystem
LogPluginManager: Mounting plugin OnlineSubsystemNull
LogPluginManager: Mounting plugin OnlineSubsystemUtils
LogPluginManager: Mounting plugin LauncherChunkInstaller
LogPluginManager: Mounting plugin AndroidDeviceProfileSelector
LogPluginManager: Mounting plugin AndroidMoviePlayer
LogPluginManager: Mounting plugin AndroidPermission
LogPluginManager: Mounting plugin AppleMoviePlayer
LogPluginManager: Mounting plugin ArchVisCharacter
LogPluginManager: Mounting plugin AudioCapture
LogPluginManager: Mounting plugin CableComponent
LogPluginManager: Mounting plugin CustomMeshComponent
LogPluginManager: Mounting plugin EditableMesh
LogPluginManager: Mounting plugin ExampleDeviceProfileSelector
LogPluginManager: Mounting plugin Firebase
LogPluginManager: Mounting plugin GoogleCloudMessaging
LogPluginManager: Mounting plugin IOSDeviceProfileSelector
LogPluginManager: Mounting plugin LinuxDeviceProfileSelector
LogPluginManager: Mounting plugin LocationServicesBPLibrary
LogPluginManager: Mounting plugin MobilePatchingUtils
LogPluginManager: Mounting plugin OculusVR
LogPluginManager: Mounting plugin PhysXVehicles
LogPluginManager: Mounting plugin ProceduralMeshComponent
LogPluginManager: Mounting plugin RuntimePhysXCooking
LogPluginManager: Mounting plugin SteamVR
LogPluginManager: Mounting plugin WebMMoviePlayer
LogPluginManager: Mounting plugin WindowsMoviePlayer
LogStreaming: Display: Took  0.065s to configure plugins.
LogInit: Using libcurl 7.55.1-DEV
LogInit:  - built for x86_64-pc-win32
LogInit:  - supports SSL with OpenSSL/1.0.2h
LogInit:  - supports HTTP deflate (compression) using libz 1.2.8
LogInit:  - other features:
LogInit:      CURL_VERSION_SSL
LogInit:      CURL_VERSION_LIBZ
LogInit:      CURL_VERSION_IPV6
LogInit:      CURL_VERSION_ASYNCHDNS
LogInit:      CURL_VERSION_LARGEFILE
LogInit:      CURL_VERSION_IDN
LogInit:  CurlRequestOptions (configurable via config and command line):
LogInit:  - bVerifyPeer = true  - Libcurl will verify peer certificate
LogInit:  - bUseHttpProxy = false  - Libcurl will NOT use HTTP proxy
LogInit:  - bDontReuseConnections = false  - Libcurl will reuse connections
LogInit:  - MaxHostConnections = 16  - Libcurl will limit the number of connections to a host
LogInit:  - LocalHostAddr = Default
LogInit:  - BufferSize = 65536
LogInit: WinSock: version 1.1 (2.2), MaxSocks=32767, MaxUdp=65467
LogInit: Build: ++UE4+Release-4.21-CL-4541578
LogInit: Engine Version: 4.21.0-4541578+++UE4+Release-4.21
LogInit: Compatible Engine Version: 4.21.0-4541578+++UE4+Release-4.21
LogInit: Net CL: 4541578
LogInit: OS: Windows 10 (), CPU: Intel(R) Core(TM) i7-8700 CPU @ 3.20GHz, GPU: NVIDIA GeForce GTX 1080 Ti
LogInit: Compiled (64-bit): Nov  6 2018 02:04:24
LogInit: Compiled with Visual C++: 19.13.26129.00
LogInit: Build Configuration: Development
LogInit: Branch Name: ++UE4+Release-4.21
LogInit: Command Line: 
LogInit: Base Directory: C:/ProgrammiAndrea/UE_4.21/Engine/Binaries/Win64/
LogInit: Installed Engine Build: 1
LogDevObjectVersion: Number of dev versions registered: 22
LogDevObjectVersion:   Dev-Blueprints (B0D832E4-1F89-4F0D-ACCF-7EB736FD4AA2): 10
LogDevObjectVersion:   Dev-Build (E1C64328-A22C-4D53-A36C-8E866417BD8C): 0
LogDevObjectVersion:   Dev-Core (375EC13C-06E4-48FB-B500-84F0262A717E): 2
LogDevObjectVersion:   Dev-Editor (E4B068ED-F494-42E9-A231-DA0B2E46BB41): 26
LogDevObjectVersion:   Dev-Framework (CFFC743F-43B0-4480-9391-14DF171D2073): 34
LogDevObjectVersion:   Dev-Mobile (B02B49B5-BB20-44E9-A304-32B752E40360): 2
LogDevObjectVersion:   Dev-Networking (A4E4105C-59A1-49B5-A7C5-40C4547EDFEE): 0
LogDevObjectVersion:   Dev-Online (39C831C9-5AE6-47DC-9A44-9C173E1C8E7C): 0
LogDevObjectVersion:   Dev-Physics (78F01B33-EBEA-4F98-B9B4-84EACCB95AA2): 0
LogDevObjectVersion:   Dev-Platform (6631380F-2D4D-43E0-8009-CF276956A95A): 0
LogDevObjectVersion:   Dev-Rendering (12F88B9F-8875-4AFC-A67C-D90C383ABD29): 27
LogDevObjectVersion:   Dev-Sequencer (7B5AE74C-D270-4C10-A958-57980B212A5A): 9
LogDevObjectVersion:   Dev-VR (D7296918-1DD6-4BDD-9DE2-64A83CC13884): 2
LogDevObjectVersion:   Dev-LoadTimes (C2A15278-BFE7-4AFE-6C17-90FF531DF755): 1
LogDevObjectVersion:   Private-Geometry (6EACA3D4-40EC-4CC1-B786-8BED09428FC5): 3
LogDevObjectVersion:   Dev-AnimPhys (29E575DD-E0A3-4627-9D10-D276232CDCEA): 17
LogDevObjectVersion:   Dev-Anim (AF43A65D-7FD3-4947-9873-3E8ED9C1BB05): 2
LogDevObjectVersion:   Dev-ReflectionCapture (6B266CEC-1EC7-4B8F-A30B-E4D90942FC07): 1
LogDevObjectVersion:   Dev-Automation (0DF73D61-A23F-47EA-B727-89E90C41499A): 1
LogDevObjectVersion:   FortniteMain (601D1886-AC64-4F84-AA16-D3DE0DEAC7D6): 17
LogDevObjectVersion:   Dev-Enterprise (9DFFBCD6-494F-0158-E221-12823C92A888): 4
LogDevObjectVersion:   Dev-Niagara (F2AED0AC-9AFE-416F-8664-AA7FFA26D6FC): 1
LogStreaming: Display: Took  0.000s to delete old logs.
LogInit: Presizing for max 8388607 objects, including 0 objects not considered by GC, pre-allocating 0 bytes for permanent pool.
LogInit: Object subsystem initialized
LogConfig: Setting CVar [[con.DebugEarlyDefault:1]]
LogConfig: Setting CVar [[r.setres:1280x720]]
[2018.12.30-12.51.49:883][  0]LogConfig: Setting CVar [[r.VSync:0]]
[2018.12.30-12.51.49:883][  0]LogConfig: Setting CVar [[r.RHICmdBypass:0]]
[2018.12.30-12.51.49:883][  0]LogConfig: Applying CVar settings from Section [/Script/Engine.RendererSettings] File [D:/Unreal Projects/CaciaraInClasse-5e0a460aecb3bc30fe403f8e94b51369455ec320/Saved/Config/Windows/Engine.ini]
[2018.12.30-12.51.49:883][  0]LogConfig: Setting CVar [[r.GPUCrashDebugging:0]]
[2018.12.30-12.51.49:883][  0]LogConfig: Applying CVar settings from Section [/Script/Engine.RendererOverrideSettings] File [D:/Unreal Projects/CaciaraInClasse-5e0a460aecb3bc30fe403f8e94b51369455ec320/Saved/Config/Windows/Engine.ini]
[2018.12.30-12.51.49:883][  0]LogConfig: Applying CVar settings from Section [/Script/Engine.StreamingSettings] File [D:/Unreal Projects/CaciaraInClasse-5e0a460aecb3bc30fe403f8e94b51369455ec320/Saved/Config/Windows/Engine.ini]
[2018.12.30-12.51.49:883][  0]LogConfig: Setting CVar [[s.MinBulkDataSizeForAsyncLoading:131072]]
[2018.12.30-12.51.49:883][  0]LogConfig: Setting CVar [[s.AsyncLoadingThreadEnabled:0]]
[2018.12.30-12.51.49:883][  0]LogConfig: Setting CVar [[s.EventDrivenLoaderEnabled:1]]
[2018.12.30-12.51.49:883][  0]LogConfig: Setting CVar [[s.WarnIfTimeLimitExceeded:0]]
[2018.12.30-12.51.49:883][  0]LogConfig: Setting CVar [[s.TimeLimitExceededMultiplier:1.5]]
[2018.12.30-12.51.49:883][  0]LogConfig: Setting CVar [[s.TimeLimitExceededMinTime:0.005]]
[2018.12.30-12.51.49:883][  0]LogConfig: Setting CVar [[s.UseBackgroundLevelStreaming:1]]
[2018.12.30-12.51.49:883][  0]LogConfig: Setting CVar [[s.PriorityAsyncLoadingExtraTime:15.0]]
[2018.12.30-12.51.49:883][  0]LogConfig: Setting CVar [[s.LevelStreamingActorsUpdateTimeLimit:5.0]]
[2018.12.30-12.51.49:883][  0]LogConfig: Setting CVar [[s.PriorityLevelStreamingActorsUpdateExtraTime:5.0]]
[2018.12.30-12.51.49:883][  0]LogConfig: Setting CVar [[s.LevelStreamingComponentsRegistrationGranularity:10]]
[2018.12.30-12.51.49:883][  0]LogConfig: Setting CVar [[s.UnregisterComponentsTimeLimit:1.0]]
[2018.12.30-12.51.49:883][  0]LogConfig: Setting CVar [[s.LevelStreamingComponentsUnregistrationGranularity:5]]
[2018.12.30-12.51.49:883][  0]LogConfig: Applying CVar settings from Section [/Script/Engine.GarbageCollectionSettings] File [D:/Unreal Projects/CaciaraInClasse-5e0a460aecb3bc30fe403f8e94b51369455ec320/Saved/Config/Windows/Engine.ini]
[2018.12.30-12.51.49:883][  0]LogConfig: Setting CVar [[gc.MaxObjectsNotConsideredByGC:1]]
[2018.12.30-12.51.49:883][  0]LogConfig: Setting CVar [[gc.SizeOfPermanentObjectPool:0]]
[2018.12.30-12.51.49:883][  0]LogConfig: Setting CVar [[gc.FlushStreamingOnGC:0]]
[2018.12.30-12.51.49:883][  0]LogConfig: Setting CVar [[gc.NumRetriesBeforeForcingGC:10]]
[2018.12.30-12.51.49:883][  0]LogConfig: Setting CVar [[gc.AllowParallelGC:1]]
[2018.12.30-12.51.49:883][  0]LogConfig: Setting CVar [[gc.TimeBetweenPurgingPendingKillObjects:61.1]]
[2018.12.30-12.51.49:883][  0]LogConfig: Setting CVar [[gc.MaxObjectsInEditor:8388607]]
[2018.12.30-12.51.49:883][  0]LogConfig: Setting CVar [[gc.IncrementalBeginDestroyEnabled:1]]
[2018.12.30-12.51.49:883][  0]LogConfig: Setting CVar [[gc.CreateGCClusters:1]]
[2018.12.30-12.51.49:883][  0]LogConfig: Setting CVar [[gc.MergeGCClusters:0]]
[2018.12.30-12.51.49:883][  0]LogConfig: Setting CVar [[gc.MinGCClusterSize:5]]
[2018.12.30-12.51.49:883][  0]LogConfig: Setting CVar [[gc.ActorClusteringEnabled:0]]
[2018.12.30-12.51.49:883][  0]LogConfig: Setting CVar [[gc.BlueprintClusteringEnabled:0]]
[2018.12.30-12.51.49:883][  0]LogConfig: Setting CVar [[gc.UseDisregardForGCOnDedicatedServers:0]]
[2018.12.30-12.51.49:883][  0]LogConfig: Applying CVar settings from Section [/Script/Engine.NetworkSettings] File [D:/Unreal Projects/CaciaraInClasse-5e0a460aecb3bc30fe403f8e94b51369455ec320/Saved/Config/Windows/Engine.ini]
[2018.12.30-12.51.49:884][  0]LogConfig: Applying CVar settings from Section [/Script/UnrealEd.CookerSettings] File [D:/Unreal Projects/CaciaraInClasse-5e0a460aecb3bc30fe403f8e94b51369455ec320/Saved/Config/Windows/Engine.ini]
[2018.12.30-12.51.49:885][  0]LogConfig: Applying CVar settings from Section [ViewDistanceQuality@3] File [D:/Unreal Projects/CaciaraInClasse-5e0a460aecb3bc30fe403f8e94b51369455ec320/Saved/Config/Windows/Scalability.ini]
[2018.12.30-12.51.49:885][  0]LogConfig: Setting CVar [[r.SkeletalMeshLODBias:0]]
[2018.12.30-12.51.49:885][  0]LogConfig: Setting CVar [[r.ViewDistanceScale:1.0]]
[2018.12.30-12.51.49:885][  0]LogConfig: Applying CVar settings from Section [AntiAliasingQuality@3] File [D:/Unreal Projects/CaciaraInClasse-5e0a460aecb3bc30fe403f8e94b51369455ec320/Saved/Config/Windows/Scalability.ini]
[2018.12.30-12.51.49:885][  0]LogConfig: Setting CVar [[r.PostProcessAAQuality:4]]
[2018.12.30-12.51.49:885][  0]LogConfig: Applying CVar settings from Section [ShadowQuality@3] File [D:/Unreal Projects/CaciaraInClasse-5e0a460aecb3bc30fe403f8e94b51369455ec320/Saved/Config/Windows/Scalability.ini]
[2018.12.30-12.51.49:885][  0]LogConfig: Setting CVar [[r.LightFunctionQuality:1]]
[2018.12.30-12.51.49:885][  0]LogConfig: Setting CVar [[r.ShadowQuality:5]]
[2018.12.30-12.51.49:885][  0]LogConfig: Setting CVar [[r.Shadow.CSM.MaxCascades:10]]
[2018.12.30-12.51.49:885][  0]LogConfig: Setting CVar [[r.Shadow.MaxResolution:2048]]
[2018.12.30-12.51.49:885][  0]LogConfig: Setting CVar [[r.Shadow.MaxCSMResolution:2048]]
[2018.12.30-12.51.49:885][  0]LogConfig: Setting CVar [[r.Shadow.RadiusThreshold:0.01]]
[2018.12.30-12.51.49:885][  0]LogConfig: Setting CVar [[r.Shadow.DistanceScale:1.0]]
[2018.12.30-12.51.49:886][  0]LogConfig: Setting CVar [[r.Shadow.CSM.TransitionScale:1.0]]
[2018.12.30-12.51.49:886][  0]LogConfig: Setting CVar [[r.Shadow.PreShadowResolutionFactor:1.0]]
[2018.12.30-12.51.49:886][  0]LogConfig: Setting CVar [[r.DistanceFieldShadowing:1]]
[2018.12.30-12.51.49:886][  0]LogConfig: Setting CVar [[r.DistanceFieldAO:1]]
[2018.12.30-12.51.49:886][  0]LogConfig: Setting CVar [[r.AOQuality:2]]
[2018.12.30-12.51.49:886][  0]LogConfig: Setting CVar [[r.VolumetricFog:1]]
[2018.12.30-12.51.49:886][  0]LogConfig: Setting CVar [[r.VolumetricFog.GridPixelSize:8]]
[2018.12.30-12.51.49:886][  0]LogConfig: Setting CVar [[r.VolumetricFog.GridSizeZ:128]]
[2018.12.30-12.51.49:886][  0]LogConfig: Setting CVar [[r.VolumetricFog.HistoryMissSupersampleCount:4]]
[2018.12.30-12.51.49:886][  0]LogConfig: Setting CVar [[r.LightMaxDrawDistanceScale:1]]
[2018.12.30-12.51.49:886][  0]LogConfig: Setting CVar [[r.CapsuleShadows:1]]
[2018.12.30-12.51.49:886][  0]LogConfig: Applying CVar settings from Section [PostProcessQuality@3] File [D:/Unreal Projects/CaciaraInClasse-5e0a460aecb3bc30fe403f8e94b51369455ec320/Saved/Config/Windows/Scalability.ini]
[2018.12.30-12.51.49:886][  0]LogConfig: Setting CVar [[r.MotionBlurQuality:4]]
[2018.12.30-12.51.49:886][  0]LogConfig: Setting CVar [[r.AmbientOcclusionMipLevelFactor:0.4]]
[2018.12.30-12.51.49:886][  0]LogConfig: Setting CVar [[r.AmbientOcclusionMaxQuality:100]]
[2018.12.30-12.51.49:886][  0]LogConfig: Setting CVar [[r.AmbientOcclusionLevels:-1]]
[2018.12.30-12.51.49:886][  0]LogConfig: Setting CVar [[r.AmbientOcclusionRadiusScale:1.0]]
[2018.12.30-12.51.49:886][  0]LogConfig: Setting CVar [[r.DepthOfFieldQuality:2]]
[2018.12.30-12.51.49:886][  0]LogConfig: Setting CVar [[r.RenderTargetPoolMin:400]]
[2018.12.30-12.51.49:886][  0]LogConfig: Setting CVar [[r.LensFlareQuality:2]]
[2018.12.30-12.51.49:886][  0]LogConfig: Setting CVar [[r.SceneColorFringeQuality:1]]
[2018.12.30-12.51.49:886][  0]LogConfig: Setting CVar [[r.EyeAdaptationQuality:2]]
[2018.12.30-12.51.49:886][  0]LogConfig: Setting CVar [[r.BloomQuality:5]]
[2018.12.30-12.51.49:886][  0]LogConfig: Setting CVar [[r.FastBlurThreshold:100]]
[2018.12.30-12.51.49:886][  0]LogConfig: Setting CVar [[r.Upscale.Quality:3]]
[2018.12.30-12.51.49:886][  0]LogConfig: Setting CVar [[r.Tonemapper.GrainQuantization:1]]
[2018.12.30-12.51.49:886][  0]LogConfig: Setting CVar [[r.LightShaftQuality:1]]
[2018.12.30-12.51.49:886][  0]LogConfig: Setting CVar [[r.Filter.SizeScale:1]]
[2018.12.30-12.51.49:886][  0]LogConfig: Setting CVar [[r.Tonemapper.Quality:5]]
[2018.12.30-12.51.49:886][  0]LogConfig: Setting CVar [[r.DOF.Gather.AccumulatorQuality:1        ; higher gathering accumulator quality]]
[2018.12.30-12.51.49:886][  0]LogConfig: Setting CVar [[r.DOF.Gather.PostfilterMethod:1          ; Median3x3 postfilering method]]
[2018.12.30-12.51.49:886][  0]LogConfig: Setting CVar [[r.DOF.Gather.EnableBokehSettings:0       ; no bokeh simulation when gathering]]
[2018.12.30-12.51.49:886][  0]LogConfig: Setting CVar [[r.DOF.Gather.RingCount:4                 ; medium number of samples when gathering]]
[2018.12.30-12.51.49:886][  0]LogConfig: Setting CVar [[r.DOF.Scatter.ForegroundCompositing:1    ; additive foreground scattering]]
[2018.12.30-12.51.49:886][  0]LogConfig: Setting CVar [[r.DOF.Scatter.BackgroundCompositing:2    ; additive background scattering]]
[2018.12.30-12.51.49:886][  0]LogConfig: Setting CVar [[r.DOF.Scatter.EnableBokehSettings:1      ; bokeh simulation when scattering]]
[2018.12.30-12.51.49:886][  0]LogConfig: Setting CVar [[r.DOF.Scatter.MaxSpriteRatio:0.1         ; only a maximum of 10% of scattered bokeh]]
[2018.12.30-12.51.49:886][  0]LogConfig: Setting CVar [[r.DOF.Recombine.Quality:1                ; cheap slight out of focus]]
[2018.12.30-12.51.49:886][  0]LogConfig: Setting CVar [[r.DOF.Recombine.EnableBokehSettings:0    ; no bokeh simulation on slight out of focus]]
[2018.12.30-12.51.49:886][  0]LogConfig: Setting CVar [[r.DOF.TemporalAAQuality:1                ; more stable temporal accumulation]]
[2018.12.30-12.51.49:886][  0]LogConfig: Setting CVar [[r.DOF.Kernel.MaxForegroundRadius:0.025]]
[2018.12.30-12.51.49:886][  0]LogConfig: Setting CVar [[r.DOF.Kernel.MaxBackgroundRadius:0.025]]
[2018.12.30-12.51.49:886][  0]LogConfig: Applying CVar settings from Section [TextureQuality@3] File [D:/Unreal Projects/CaciaraInClasse-5e0a460aecb3bc30fe403f8e94b51369455ec320/Saved/Config/Windows/Scalability.ini]
[2018.12.30-12.51.49:886][  0]LogConfig: Setting CVar [[r.Streaming.MipBias:0]]
[2018.12.30-12.51.49:886][  0]LogConfig: Setting CVar [[r.Streaming.AmortizeCPUToGPUCopy:0]]
[2018.12.30-12.51.49:886][  0]LogConfig: Setting CVar [[r.Streaming.MaxNumTexturesToStreamPerFrame:0]]
[2018.12.30-12.51.49:886][  0]LogConfig: Setting CVar [[r.Streaming.Boost:1]]
[2018.12.30-12.51.49:886][  0]LogConfig: Setting CVar [[r.MaxAnisotropy:8]]
[2018.12.30-12.51.49:886][  0]LogConfig: Setting CVar [[r.Streaming.LimitPoolSizeToVRAM:0]]
[2018.12.30-12.51.49:886][  0]LogConfig: Setting CVar [[r.Streaming.PoolSize:1000]]
[2018.12.30-12.51.49:886][  0]LogConfig: Setting CVar [[r.Streaming.MaxEffectiveScreenSize:0]]
[2018.12.30-12.51.49:886][  0]LogConfig: Applying CVar settings from Section [EffectsQuality@3] File [D:/Unreal Projects/CaciaraInClasse-5e0a460aecb3bc30fe403f8e94b51369455ec320/Saved/Config/Windows/Scalability.ini]
[2018.12.30-12.51.49:886][  0]LogConfig: Setting CVar [[r.TranslucencyLightingVolumeDim:64]]
[2018.12.30-12.51.49:886][  0]LogConfig: Setting CVar [[r.RefractionQuality:2]]
[2018.12.30-12.51.49:886][  0]LogConfig: Setting CVar [[r.SSR.Quality:3]]
[2018.12.30-12.51.49:886][  0]LogConfig: Setting CVar [[r.SceneColorFormat:4]]
[2018.12.30-12.51.49:886][  0]LogConfig: Setting CVar [[r.DetailMode:2]]
[2018.12.30-12.51.49:886][  0]LogConfig: Setting CVar [[r.TranslucencyVolumeBlur:1]]
[2018.12.30-12.51.49:886][  0]LogConfig: Setting CVar [[r.MaterialQualityLevel:1 ; High quality]]
[2018.12.30-12.51.49:886][  0]LogConfig: Setting CVar [[r.SSS.Scale:1]]
[2018.12.30-12.51.49:886][  0]LogConfig: Setting CVar [[r.SSS.SampleSet:2]]
[2018.12.30-12.51.49:886][  0]LogConfig: Setting CVar [[r.SSS.Quality:1]]
[2018.12.30-12.51.49:886][  0]LogConfig: Setting CVar [[r.SSS.HalfRes:1]]
[2018.12.30-12.51.49:886][  0]LogConfig: Setting CVar [[r.EmitterSpawnRateScale:1.0]]
[2018.12.30-12.51.49:886][  0]LogConfig: Setting CVar [[r.ParticleLightQuality:2]]
[2018.12.30-12.51.49:886][  0]LogConfig: Applying CVar settings from Section [FoliageQuality@3] File [D:/Unreal Projects/CaciaraInClasse-5e0a460aecb3bc30fe403f8e94b51369455ec320/Saved/Config/Windows/Scalability.ini]
[2018.12.30-12.51.49:886][  0]LogConfig: Setting CVar [[foliage.DensityScale:1.0]]
[2018.12.30-12.51.49:886][  0]LogConfig: Setting CVar [[grass.DensityScale:1.0]]
[2018.12.30-12.51.49:886][  0]LogInit: Selected Device Profile: [Windows]
[2018.12.30-12.51.49:886][  0]LogInit: Applying CVar settings loaded from the selected device profile: [Windows]
[2018.12.30-12.51.49:895][  0]LogHAL: Display: Platform has ~ 16 GB [17138298880 / 17179869184 / 16], which maps to Larger [LargestMinGB=32, LargerMinGB=12, DefaultMinGB=8, SmallerMinGB=6, SmallestMinGB=0)
[2018.12.30-12.51.49:895][  0]LogConfig: Setting CVar [[r.Vulkan.UseRealUBs:1]]
[2018.12.30-12.51.49:895][  0]LogInit: Going up to parent DeviceProfile []
[2018.12.30-12.51.49:895][  0]LogConfig: Applying CVar settings from Section [ViewDistanceQuality@3] File [D:/Unreal Projects/CaciaraInClasse-5e0a460aecb3bc30fe403f8e94b51369455ec320/Saved/Config/Windows/Scalability.ini]
[2018.12.30-12.51.49:895][  0]LogConfig: Setting CVar [[r.SkeletalMeshLODBias:0]]
[2018.12.30-12.51.49:895][  0]LogConfig: Setting CVar [[r.ViewDistanceScale:1.0]]
[2018.12.30-12.51.49:895][  0]LogConfig: Applying CVar settings from Section [AntiAliasingQuality@3] File [D:/Unreal Projects/CaciaraInClasse-5e0a460aecb3bc30fe403f8e94b51369455ec320/Saved/Config/Windows/Scalability.ini]
[2018.12.30-12.51.49:895][  0]LogConfig: Setting CVar [[r.PostProcessAAQuality:4]]
[2018.12.30-12.51.49:895][  0]LogConfig: Applying CVar settings from Section [ShadowQuality@3] File [D:/Unreal Projects/CaciaraInClasse-5e0a460aecb3bc30fe403f8e94b51369455ec320/Saved/Config/Windows/Scalability.ini]
[2018.12.30-12.51.49:895][  0]LogConfig: Setting CVar [[r.LightFunctionQuality:1]]
[2018.12.30-12.51.49:895][  0]LogConfig: Setting CVar [[r.ShadowQuality:5]]
[2018.12.30-12.51.49:895][  0]LogConfig: Setting CVar [[r.Shadow.CSM.MaxCascades:10]]
[2018.12.30-12.51.49:895][  0]LogConfig: Setting CVar [[r.Shadow.MaxResolution:2048]]
[2018.12.30-12.51.49:895][  0]LogConfig: Setting CVar [[r.Shadow.MaxCSMResolution:2048]]
[2018.12.30-12.51.49:895][  0]LogConfig: Setting CVar [[r.Shadow.RadiusThreshold:0.01]]
[2018.12.30-12.51.49:895][  0]LogConfig: Setting CVar [[r.Shadow.DistanceScale:1.0]]
[2018.12.30-12.51.49:895][  0]LogConfig: Setting CVar [[r.Shadow.CSM.TransitionScale:1.0]]
[2018.12.30-12.51.49:895][  0]LogConfig: Setting CVar [[r.Shadow.PreShadowResolutionFactor:1.0]]
[2018.12.30-12.51.49:895][  0]LogConfig: Setting CVar [[r.DistanceFieldShadowing:1]]
[2018.12.30-12.51.49:895][  0]LogConfig: Setting CVar [[r.DistanceFieldAO:1]]
[2018.12.30-12.51.49:895][  0]LogConfig: Setting CVar [[r.AOQuality:2]]
[2018.12.30-12.51.49:895][  0]LogConfig: Setting CVar [[r.VolumetricFog:1]]
[2018.12.30-12.51.49:895][  0]LogConfig: Setting CVar [[r.VolumetricFog.GridPixelSize:8]]
[2018.12.30-12.51.49:895][  0]LogConfig: Setting CVar [[r.VolumetricFog.GridSizeZ:128]]
[2018.12.30-12.51.49:895][  0]LogConfig: Setting CVar [[r.VolumetricFog.HistoryMissSupersampleCount:4]]
[2018.12.30-12.51.49:895][  0]LogConfig: Setting CVar [[r.LightMaxDrawDistanceScale:1]]
[2018.12.30-12.51.49:895][  0]LogConfig: Setting CVar [[r.CapsuleShadows:1]]
[2018.12.30-12.51.49:895][  0]LogConfig: Applying CVar settings from Section [PostProcessQuality@3] File [D:/Unreal Projects/CaciaraInClasse-5e0a460aecb3bc30fe403f8e94b51369455ec320/Saved/Config/Windows/Scalability.ini]
[2018.12.30-12.51.49:895][  0]LogConfig: Setting CVar [[r.MotionBlurQuality:4]]
[2018.12.30-12.51.49:895][  0]LogConfig: Setting CVar [[r.AmbientOcclusionMipLevelFactor:0.4]]
[2018.12.30-12.51.49:895][  0]LogConfig: Setting CVar [[r.AmbientOcclusionMaxQuality:100]]
[2018.12.30-12.51.49:895][  0]LogConfig: Setting CVar [[r.AmbientOcclusionLevels:-1]]
[2018.12.30-12.51.49:895][  0]LogConfig: Setting CVar [[r.AmbientOcclusionRadiusScale:1.0]]
[2018.12.30-12.51.49:895][  0]LogConfig: Setting CVar [[r.DepthOfFieldQuality:2]]
[2018.12.30-12.51.49:895][  0]LogConfig: Setting CVar [[r.RenderTargetPoolMin:400]]
[2018.12.30-12.51.49:895][  0]LogConfig: Setting CVar [[r.LensFlareQuality:2]]
[2018.12.30-12.51.49:895][  0]LogConfig: Setting CVar [[r.SceneColorFringeQuality:1]]
[2018.12.30-12.51.49:895][  0]LogConfig: Setting CVar [[r.EyeAdaptationQuality:2]]
[2018.12.30-12.51.49:895][  0]LogConfig: Setting CVar [[r.BloomQuality:5]]
[2018.12.30-12.51.49:895][  0]LogConfig: Setting CVar [[r.FastBlurThreshold:100]]
[2018.12.30-12.51.49:895][  0]LogConfig: Setting CVar [[r.Upscale.Quality:3]]
[2018.12.30-12.51.49:895][  0]LogConfig: Setting CVar [[r.Tonemapper.GrainQuantization:1]]
[2018.12.30-12.51.49:895][  0]LogConfig: Setting CVar [[r.LightShaftQuality:1]]
[2018.12.30-12.51.49:895][  0]LogConfig: Setting CVar [[r.Filter.SizeScale:1]]
[2018.12.30-12.51.49:895][  0]LogConfig: Setting CVar [[r.Tonemapper.Quality:5]]
[2018.12.30-12.51.49:895][  0]LogConfig: Setting CVar [[r.DOF.Gather.AccumulatorQuality:1        ; higher gathering accumulator quality]]
[2018.12.30-12.51.49:895][  0]LogConfig: Setting CVar [[r.DOF.Gather.PostfilterMethod:1          ; Median3x3 postfilering method]]
[2018.12.30-12.51.49:895][  0]LogConfig: Setting CVar [[r.DOF.Gather.EnableBokehSettings:0       ; no bokeh simulation when gathering]]
[2018.12.30-12.51.49:895][  0]LogConfig: Setting CVar [[r.DOF.Gather.RingCount:4                 ; medium number of samples when gathering]]
[2018.12.30-12.51.49:895][  0]LogConfig: Setting CVar [[r.DOF.Scatter.ForegroundCompositing:1    ; additive foreground scattering]]
[2018.12.30-12.51.49:895][  0]LogConfig: Setting CVar [[r.DOF.Scatter.BackgroundCompositing:2    ; additive background scattering]]
[2018.12.30-12.51.49:895][  0]LogConfig: Setting CVar [[r.DOF.Scatter.EnableBokehSettings:1      ; bokeh simulation when scattering]]
[2018.12.30-12.51.49:895][  0]LogConfig: Setting CVar [[r.DOF.Scatter.MaxSpriteRatio:0.1         ; only a maximum of 10% of scattered bokeh]]
[2018.12.30-12.51.49:895][  0]LogConfig: Setting CVar [[r.DOF.Recombine.Quality:1                ; cheap slight out of focus]]
[2018.12.30-12.51.49:895][  0]LogConfig: Setting CVar [[r.DOF.Recombine.EnableBokehSettings:0    ; no bokeh simulation on slight out of focus]]
[2018.12.30-12.51.49:895][  0]LogConfig: Setting CVar [[r.DOF.TemporalAAQuality:1                ; more stable temporal accumulation]]
[2018.12.30-12.51.49:895][  0]LogConfig: Setting CVar [[r.DOF.Kernel.MaxForegroundRadius:0.025]]
[2018.12.30-12.51.49:895][  0]LogConfig: Setting CVar [[r.DOF.Kernel.MaxBackgroundRadius:0.025]]
[2018.12.30-12.51.49:895][  0]LogConfig: Applying CVar settings from Section [TextureQuality@3] File [D:/Unreal Projects/CaciaraInClasse-5e0a460aecb3bc30fe403f8e94b51369455ec320/Saved/Config/Windows/Scalability.ini]
[2018.12.30-12.51.49:895][  0]LogConfig: Setting CVar [[r.Streaming.MipBias:0]]
[2018.12.30-12.51.49:895][  0]LogConfig: Setting CVar [[r.Streaming.AmortizeCPUToGPUCopy:0]]
[2018.12.30-12.51.49:895][  0]LogConfig: Setting CVar [[r.Streaming.MaxNumTexturesToStreamPerFrame:0]]
[2018.12.30-12.51.49:895][  0]LogConfig: Setting CVar [[r.Streaming.Boost:1]]
[2018.12.30-12.51.49:895][  0]LogConfig: Setting CVar [[r.MaxAnisotropy:8]]
[2018.12.30-12.51.49:895][  0]LogConfig: Setting CVar [[r.Streaming.LimitPoolSizeToVRAM:0]]
[2018.12.30-12.51.49:895][  0]LogConfig: Setting CVar [[r.Streaming.PoolSize:1000]]
[2018.12.30-12.51.49:895][  0]LogConfig: Setting CVar [[r.Streaming.MaxEffectiveScreenSize:0]]
[2018.12.30-12.51.49:895][  0]LogConfig: Applying CVar settings from Section [EffectsQuality@3] File [D:/Unreal Projects/CaciaraInClasse-5e0a460aecb3bc30fe403f8e94b51369455ec320/Saved/Config/Windows/Scalability.ini]
[2018.12.30-12.51.49:895][  0]LogConfig: Setting CVar [[r.TranslucencyLightingVolumeDim:64]]
[2018.12.30-12.51.49:895][  0]LogConfig: Setting CVar [[r.RefractionQuality:2]]
[2018.12.30-12.51.49:895][  0]LogConfig: Setting CVar [[r.SSR.Quality:3]]
[2018.12.30-12.51.49:895][  0]LogConfig: Setting CVar [[r.SceneColorFormat:4]]
[2018.12.30-12.51.49:895][  0]LogConfig: Setting CVar [[r.DetailMode:2]]
[2018.12.30-12.51.49:895][  0]LogConfig: Setting CVar [[r.TranslucencyVolumeBlur:1]]
[2018.12.30-12.51.49:895][  0]LogConfig: Setting CVar [[r.MaterialQualityLevel:1 ; High quality]]
[2018.12.30-12.51.49:895][  0]LogConfig: Setting CVar [[r.SSS.Scale:1]]
[2018.12.30-12.51.49:895][  0]LogConfig: Setting CVar [[r.SSS.SampleSet:2]]
[2018.12.30-12.51.49:895][  0]LogConfig: Setting CVar [[r.SSS.Quality:1]]
[2018.12.30-12.51.49:895][  0]LogConfig: Setting CVar [[r.SSS.HalfRes:1]]
[2018.12.30-12.51.49:895][  0]LogConfig: Setting CVar [[r.EmitterSpawnRateScale:1.0]]
[2018.12.30-12.51.49:896][  0]LogConfig: Setting CVar [[r.ParticleLightQuality:2]]
[2018.12.30-12.51.49:896][  0]LogConfig: Applying CVar settings from Section [FoliageQuality@3] File [D:/Unreal Projects/CaciaraInClasse-5e0a460aecb3bc30fe403f8e94b51369455ec320/Saved/Config/Windows/Scalability.ini]
[2018.12.30-12.51.49:896][  0]LogConfig: Setting CVar [[foliage.DensityScale:1.0]]
[2018.12.30-12.51.49:896][  0]LogConfig: Setting CVar [[grass.DensityScale:1.0]]
[2018.12.30-12.51.49:896][  0]LogConfig: Applying CVar settings from Section [Startup] File [../../../Engine/Config/ConsoleVariables.ini]
[2018.12.30-12.51.49:896][  0]LogConfig: Setting CVar [[net.UseAdaptiveNetUpdateFrequency:0]]
[2018.12.30-12.51.49:896][  0]LogConfig: Applying CVar settings from Section [ConsoleVariables] File [D:/Unreal Projects/CaciaraInClasse-5e0a460aecb3bc30fe403f8e94b51369455ec320/Saved/Config/Windows/Engine.ini]
[2018.12.30-12.51.49:896][  0]LogInit: Computer: DESKTOP-TKVNRND
[2018.12.30-12.51.49:896][  0]LogInit: User: Andrea
[2018.12.30-12.51.49:896][  0]LogInit: CPU Page size=4096, Cores=6
[2018.12.30-12.51.49:896][  0]LogInit: High frequency timer resolution =10.000000 MHz
[2018.12.30-12.51.49:896][  0]LogMemory: Memory total: Physical=16.0GB (16GB approx)
[2018.12.30-12.51.49:896][  0]LogMemory: Platform Memory Stats for Windows
[2018.12.30-12.51.49:896][  0]LogMemory: Process Physical Memory: 104.61 MB used, 104.61 MB peak
[2018.12.30-12.51.49:896][  0]LogMemory: Process Virtual Memory: 94.30 MB used, 94.30 MB peak
[2018.12.30-12.51.49:896][  0]LogMemory: Physical Memory: 6306.56 MB used,  10037.79 MB free, 16344.36 MB total
[2018.12.30-12.51.49:896][  0]LogMemory: Virtual Memory: 4670.21 MB used,  134213056.00 MB free, 134217728.00 MB total
[2018.12.30-12.51.49:911][  0]LogInit: Using OS detected language (it-IT).
[2018.12.30-12.51.49:911][  0]LogInit: Using OS detected locale (it-IT).
[2018.12.30-12.51.49:911][  0]LogTextLocalizationManager: No specific localization for 'it-IT' exists, so the 'it' localization will be used.
[2018.12.30-12.51.49:912][  0]LogStreaming: Display: Took  0.002s to InitEngineTextLocalization.
[2018.12.30-12.51.49:913][  0]LogInit: Setting process to per monitor DPI aware
[2018.12.30-12.51.49:930][  0]LogSlate: New Slate User Created.  User Index 0, Is Virtual User: 0
[2018.12.30-12.51.49:930][  0]LogSlate: Slate User Registered.  User Index 0, Is Virtual User: 0
[2018.12.30-12.51.53:673][  0]LogD3D11RHI: D3D11 adapters:
[2018.12.30-12.51.53:733][  0]LogD3D11RHI:    0. 'NVIDIA GeForce GTX 1080 Ti' (Feature Level 11_0)
[2018.12.30-12.51.53:733][  0]LogD3D11RHI:       11127/0/8172 MB DedicatedVideo/DedicatedSystem/SharedSystem, Outputs:1, VendorId:0x10de
[2018.12.30-12.51.53:735][  0]LogD3D11RHI:    1. 'Microsoft Basic Render Driver' (Feature Level 11_0)
[2018.12.30-12.51.53:735][  0]LogD3D11RHI:       0/0/8172 MB DedicatedVideo/DedicatedSystem/SharedSystem, Outputs:0, VendorId:0x1414
[2018.12.30-12.51.53:735][  0]LogD3D11RHI: Chosen D3D11 Adapter: 0
[2018.12.30-12.51.53:740][  0]LogD3D11RHI: Creating new Direct3DDevice
[2018.12.30-12.51.53:740][  0]LogD3D11RHI:     GPU DeviceId: 0x1b06 (for the marketing name, search the web for "GPU Device Id")
[2018.12.30-12.51.53:740][  0]LogWindows: EnumDisplayDevices:
[2018.12.30-12.51.53:741][  0]LogWindows:    0. 'NVIDIA GeForce GTX 1080 Ti' (P:1 D:1)
[2018.12.30-12.51.53:741][  0]LogWindows:    1. 'NVIDIA GeForce GTX 1080 Ti' (P:0 D:0)
[2018.12.30-12.51.53:741][  0]LogWindows:    2. 'NVIDIA GeForce GTX 1080 Ti' (P:0 D:0)
[2018.12.30-12.51.53:741][  0]LogWindows:    3. 'NVIDIA GeForce GTX 1080 Ti' (P:0 D:0)
[2018.12.30-12.51.53:741][  0]LogWindows: DebugString: FoundDriverCount:4 
[2018.12.30-12.51.53:741][  0]LogD3D11RHI:     Adapter Name: NVIDIA GeForce GTX 1080 Ti
[2018.12.30-12.51.53:741][  0]LogD3D11RHI:   Driver Version: 416.94 (internal:25.21.14.1694, unified:416.94)
[2018.12.30-12.51.53:741][  0]LogD3D11RHI:      Driver Date: 11-12-2018
[2018.12.30-12.51.53:741][  0]LogRHI: Texture pool is 7788 MB (70% of 11127 MB)
[2018.12.30-12.51.53:775][  0]LogD3D11RHI: Async texture creation enabled
[2018.12.30-12.51.53:803][  0]LogD3D11RHI: GPU Timing Frequency: 1000.000000 (Debug: 2 2)
[2018.12.30-12.51.54:074][  0]LogTemp: Display: Loaded TP AllDesktopTargetPlatform
[2018.12.30-12.51.54:085][  0]LogTemp: Display: Loaded TP MacClientTargetPlatform
[2018.12.30-12.51.54:095][  0]LogTemp: Display: Loaded TP MacNoEditorTargetPlatform
[2018.12.30-12.51.54:106][  0]LogTemp: Display: Loaded TP MacServerTargetPlatform
[2018.12.30-12.51.54:116][  0]LogTemp: Display: Loaded TP MacTargetPlatform
[2018.12.30-12.51.54:127][  0]LogTemp: Display: Loaded TP WindowsClientTargetPlatform
[2018.12.30-12.51.54:137][  0]LogTemp: Display: Loaded TP WindowsNoEditorTargetPlatform
[2018.12.30-12.51.54:147][  0]LogTemp: Display: Loaded TP WindowsServerTargetPlatform
[2018.12.30-12.51.54:152][  0]LogTemp: Display: Loaded TP WindowsTargetPlatform
[2018.12.30-12.51.54:212][  0]LogTemp: Display: Loaded TP AndroidTargetPlatform
[2018.12.30-12.51.54:212][  0]LogTemp: Display: Loaded TP AndroidTargetPlatform
[2018.12.30-12.51.54:212][  0]LogTemp: Display: Loaded TP AndroidTargetPlatform
[2018.12.30-12.51.54:212][  0]LogTemp: Display: Loaded TP AndroidTargetPlatform
[2018.12.30-12.51.54:212][  0]LogTemp: Display: Loaded TP AndroidTargetPlatform
[2018.12.30-12.51.54:212][  0]LogTemp: Display: Loaded TP AndroidTargetPlatform
[2018.12.30-12.51.54:212][  0]LogTemp: Display: Loaded TP AndroidTargetPlatform
[2018.12.30-12.51.54:212][  0]LogTemp: Display: Loaded TP AndroidTargetPlatform
[2018.12.30-12.51.54:212][  0]LogTemp: Display: Loaded TP AndroidTargetPlatform
[2018.12.30-12.51.54:212][  0]LogTemp: Display: Loaded TP AndroidTargetPlatform
[2018.12.30-12.51.54:212][  0]LogTemp: Display: Loaded TP AndroidTargetPlatform
[2018.12.30-12.51.54:212][  0]LogTemp: Display: Loaded TP AndroidTargetPlatform
[2018.12.30-12.51.54:212][  0]LogTemp: Display: Loaded TP AndroidTargetPlatform
[2018.12.30-12.51.54:212][  0]LogTemp: Display: Loaded TP AndroidTargetPlatform
[2018.12.30-12.51.54:212][  0]LogTemp: Display: Loaded TP AndroidTargetPlatform
[2018.12.30-12.51.54:212][  0]LogTemp: Display: Loaded TP AndroidTargetPlatform
[2018.12.30-12.51.54:212][  0]LogTemp: Display: Loaded TP AndroidTargetPlatform
[2018.12.30-12.51.54:212][  0]LogTemp: Display: Loaded TP AndroidTargetPlatform
[2018.12.30-12.51.54:213][  0]LogTemp: Display: Loaded TP HTML5TargetPlatform
[2018.12.30-12.51.54:266][  0]LogTemp: Display: Loaded TP IOSTargetPlatform
[2018.12.30-12.51.54:266][  0]LogTemp: Display: Loaded TP IOSTargetPlatform
[2018.12.30-12.51.54:284][  0]LogTemp: Display: Loaded TP TVOSTargetPlatform
[2018.12.30-12.51.54:284][  0]LogTemp: Display: Loaded TP TVOSTargetPlatform
[2018.12.30-12.51.54:293][  0]LogTemp: Display: Loaded TP LinuxClientTargetPlatform
[2018.12.30-12.51.54:302][  0]LogTemp: Display: Loaded TP LinuxNoEditorTargetPlatform
[2018.12.30-12.51.54:311][  0]LogTemp: Display: Loaded TP LinuxServerTargetPlatform
[2018.12.30-12.51.54:321][  0]LogTemp: Display: Loaded TP LinuxTargetPlatform
[2018.12.30-12.51.54:355][  0]LogTemp: Display: Loaded TP LuminTargetPlatform
[2018.12.30-12.51.54:355][  0]LogTemp: Display: Loaded TP LuminTargetPlatform
[2018.12.30-12.51.54:355][  0]LogTargetPlatformManager: Display: Building Assets For Windows
[2018.12.30-12.51.54:395][  0]LogShaderCompilers: Guid format shader working directory is -29 characters bigger than the processId version (D:/Unreal Projects/CaciaraInClasse-5e0a460aecb3bc30fe403f8e94b51369455ec320/Intermediate/Shaders/WorkingDirectory/17936/).
[2018.12.30-12.51.54:395][  0]LogShaderCompilers: Cleaned the shader compiler working directory 'C:/Users/Andrea/AppData/Local/Temp/UnrealShaderWorkingDir/0AAFC09C47DC13FC4972648015B223D9/'.
[2018.12.30-12.51.54:397][  0]LogXGEController: Cleaning working directory: C:/Users/Andrea/AppData/Local/Temp/UnrealXGEWorkingDir/
[2018.12.30-12.51.54:397][  0]LogXGEController: Cannot use XGE Controller as Incredibuild is not installed on this machine.
[2018.12.30-12.51.54:397][  0]LogShaderCompilers: Cannot use XGE Shader Compiler as Incredibuild is not installed on this machine.
[2018.12.30-12.51.54:397][  0]LogShaderCompilers: Display: Using Local Shader Compiler.
[2018.12.30-12.51.54:802][  0]LogDerivedDataCache: Display: Max Cache Size: 512 MB
[2018.12.30-12.51.54:847][  0]LogDerivedDataCache: Loaded boot cache 0.04s 73MB C:/Users/Andrea/AppData/Local/UnrealEngine/4.21/DerivedDataCache/Boot.ddc.
[2018.12.30-12.51.54:847][  0]LogDerivedDataCache: Display: Loaded Boot cache: C:/Users/Andrea/AppData/Local/UnrealEngine/4.21/DerivedDataCache/Boot.ddc
[2018.12.30-12.51.54:847][  0]LogDerivedDataCache: FDerivedDataBackendGraph:  Pak pak cache file D:/Unreal Projects/CaciaraInClasse-5e0a460aecb3bc30fe403f8e94b51369455ec320/DerivedDataCache/DDC.ddp not found, will not use a pak cache.
[2018.12.30-12.51.54:847][  0]LogDerivedDataCache: Unable to find inner node Pak for hierarchical cache Hierarchy.
[2018.12.30-12.51.54:847][  0]LogDerivedDataCache: FDerivedDataBackendGraph:  CompressedPak pak cache file D:/Unreal Projects/CaciaraInClasse-5e0a460aecb3bc30fe403f8e94b51369455ec320/DerivedDataCache/Compressed.ddp not found, will not use a pak cache.
[2018.12.30-12.51.54:847][  0]LogDerivedDataCache: Unable to find inner node CompressedPak for hierarchical cache Hierarchy.
[2018.12.30-12.51.54:857][  0]LogDerivedDataCache: Display: Pak cache opened for reading ../../../Engine/DerivedDataCache/Compressed.ddp.
[2018.12.30-12.51.54:857][  0]LogDerivedDataCache: FDerivedDataBackendGraph:  EnterprisePak pak cache file ../../../Enterprise/DerivedDataCache/Compressed.ddp not found, will not use a pak cache.
[2018.12.30-12.51.54:857][  0]LogDerivedDataCache: Unable to find inner node EnterprisePak for hierarchical cache Hierarchy.
[2018.12.30-12.51.54:869][  0]LogDerivedDataCache: Using Local data cache path C:/Users/Andrea/AppData/Local/UnrealEngine/Common/DerivedDataCache: Writable
[2018.12.30-12.51.54:869][  0]LogDerivedDataCache: Shared data cache path not found in *engine.ini, will not use an Shared cache.
[2018.12.30-12.51.54:869][  0]LogDerivedDataCache: Unable to find inner node Shared for hierarchical cache Hierarchy.
[2018.12.30-12.51.54:886][  0]LogMaterial: Verifying Global Shaders for PCD3D_SM5
[2018.12.30-12.51.54:887][  0]LogSlate: Using FreeType 2.6.0
[2018.12.30-12.51.54:887][  0]LogSlate: SlateFontServices - WITH_FREETYPE: 1, WITH_HARFBUZZ: 1
[2018.12.30-12.51.54:955][  0]LogAssetRegistry: FAssetRegistry took 0.0300 seconds to start up
[2018.12.30-12.51.55:185][  0]LogInit: Selected Device Profile: [Windows]
[2018.12.30-12.51.55:299][  0]LogSimplygon: Simplygon DLL not present - disabling.
[2018.12.30-12.51.55:301][  0]LogMeshReduction: Using SimplygonSwarm for distributed automatic mesh merging
[2018.12.30-12.51.55:301][  0]LogMeshReduction: Using ProxyLODMeshReduction for automatic mesh merging
[2018.12.30-12.51.55:301][  0]LogMeshReduction: Using QuadricMeshReduction for automatic static mesh reduction
[2018.12.30-12.51.55:301][  0]LogMeshReduction: No automatic skeletal mesh reduction module available
[2018.12.30-12.51.55:311][  0]LogNetVersion: CaciaraInClasse 1.0.0, NetCL: 4541578, EngineNetVer: 5, GameNetVer: 0 (Checksum: 2559631985)
[2018.12.30-12.51.55:695][  0]LogPackageLocalizationCache: Processed 11 localized package path(s) for 2 prioritized culture(s) in 0.068057 seconds
[2018.12.30-12.51.55:700][  0]LogUObjectArray: 39775 objects as part of root set at end of initial load.
[2018.12.30-12.51.55:700][  0]LogUObjectAllocator: 6914664 out of 0 bytes used by permanent object pool.
[2018.12.30-12.51.55:700][  0]LogUObjectArray: CloseDisregardForGC: 0/0 objects in disregard for GC pool
[2018.12.30-12.51.56:336][  0]LogTcpMessaging: Initializing TcpMessaging bridge
[2018.12.30-12.51.56:348][  0]LogUdpMessaging: Initializing bridge on interface 0.0.0.0:0 to multicast group 230.0.0.1:6666.
[2018.12.30-12.51.57:071][  0]SourceControl: Source control is disabled
[2018.12.30-12.51.57:071][  0]SourceControl: Source control is disabled
[2018.12.30-12.51.57:072][  0]SourceControl: Source control is disabled
[2018.12.30-12.51.57:073][  0]SourceControl: Source control is disabled
[2018.12.30-12.51.57:211][  0]LogAndroidPermission: UAndroidPermissionCallbackProxy::GetInstance
[2018.12.30-12.51.57:283][  0]LogOcInput: OculusInput pre-init called
[2018.12.30-12.51.57:400][  0]LogEngine: Initializing Engine...
[2018.12.30-12.51.57:444][  0]LogHMD: SteamVR initialized.  Driver: lighthouse  Display: LHR-D9EDDE45
[2018.12.30-12.51.57:446][  0]LogStats: UGameplayTagsManager::ConstructGameplayTagTree: ImportINI prefixes -  0.000 s
[2018.12.30-12.51.57:446][  0]LogStats: UGameplayTagsManager::ConstructGameplayTagTree: Construct from data asset -  0.000 s
[2018.12.30-12.51.57:446][  0]LogStats: UGameplayTagsManager::ConstructGameplayTagTree: ImportINI -  0.000 s
[2018.12.30-12.51.57:446][  0]LogStats: UGameplayTagsManager::ConstructGameplayTagTree: GameplayTagTreeChangedEvent.Broadcast -  0.000 s
[2018.12.30-12.51.57:636][  0]LogInit: Initializing FReadOnlyCVARCache
[2018.12.30-12.51.57:644][  0]LogAIModule: Creating AISystem for world Untitled
[2018.12.30-12.51.57:665][  0]LogInit: XAudio2 using 'VIVE Pro (NVIDIA High Definition Audio)' : 2 channels at 48 kHz using 16 bits per sample (channel mask 0x3)
[2018.12.30-12.51.57:677][  0]LogInit: FAudioDevice initialized.
[2018.12.30-12.51.57:677][  0]LogNetVersion: Set ProjectVersion to 1.0.0.0. Version Checksum will be recalculated on next use.
[2018.12.30-12.51.57:742][  0]LogDerivedDataCache: Saved boot cache 0.06s 73MB C:/Users/Andrea/AppData/Local/UnrealEngine/4.21/DerivedDataCache/Boot.ddc.
[2018.12.30-12.51.57:754][  0]LogInit: Texture streaming: Enabled
[2018.12.30-12.51.57:767][  0]LogEngineSessionManager: EngineSessionManager initialized
[2018.12.30-12.51.57:767][  0]LogEngineSessionManager: EngineSessionManager sent abnormal shutdown report. Type=Crashed, SessionId={86931AF5-440B-38F4-1520-5AAA636DAAFD}
[2018.12.30-12.51.57:776][  0]LogInit: Transaction tracking system initialized
[2018.12.30-12.51.57:795][  0]BlueprintLog: New page: Editor Load
[2018.12.30-12.51.57:891][  0]LocalizationService: Localization service is disabled
[2018.12.30-12.51.58:251][  0]LogFileCache: Scanning file cache for directory 'D:/Unreal Projects/CaciaraInClasse-5e0a460aecb3bc30fe403f8e94b51369455ec320/Content/' took 0.01s
[2018.12.30-12.51.58:251][  0]LogCook: Display: Max memory allowance for cook 16384mb min free memory 0mb
[2018.12.30-12.51.58:251][  0]LogCook: Display: Mobile HDR setting 1
[2018.12.30-12.51.58:251][  0]LogGameplayTags: Display: UGameplayTagsManager::DoneAddingNativeTags. DelegateIsBound: 0
[2018.12.30-12.51.58:251][  0]LogStats: UGameplayTagsManager::ConstructGameplayTagTree: ImportINI prefixes -  0.000 s
[2018.12.30-12.51.58:251][  0]LogStats: UGameplayTagsManager::ConstructGameplayTagTree: Construct from data asset -  0.000 s
[2018.12.30-12.51.58:251][  0]LogStats: UGameplayTagsManager::ConstructGameplayTagTree: ImportINI -  0.000 s
[2018.12.30-12.51.58:251][  0]LogStats: UGameplayTagsManager::ConstructGameplayTagTree: GameplayTagTreeChangedEvent.Broadcast -  0.000 s
[2018.12.30-12.51.58:339][  0]SourceControl: Source control is disabled
[2018.12.30-12.51.58:413][  0]LogSlate: Took 0.000130 seconds to synchronously load lazily loaded font '../../../Engine/Content/Slate/Fonts/Roboto-Regular.ttf' (155K)
[2018.12.30-12.52.08:977][  0]LogSlate: Window 'Restore Packages' being destroyed
[2018.12.30-12.52.08:977][  0]LogWindowsTextInputMethodSystem: Display: IME system now deactivated.
[2018.12.30-12.52.08:987][  0]Cmd: MAP LOAD FILE="D:/Unreal Projects/CaciaraInClasse-5e0a460aecb3bc30fe403f8e94b51369455ec320/Content/ThirdPersonCPP/Maps/ThirdPersonExampleMap.umap" TEMPLATE=0 SHOWPROGRESS=1 FEATURELEVEL=3
[2018.12.30-12.52.08:988][  0]LightingResults: New page: Lighting Build
[2018.12.30-12.52.08:990][  0]MapCheck: New page: Map Check
[2018.12.30-12.52.08:990][  0]LightingResults: New page: Lighting Build
[2018.12.30-12.52.09:109][  0]LogAIModule: Creating AISystem for world ThirdPersonExampleMap
[2018.12.30-12.52.09:118][  0]LogEditorServer: Finished looking for orphan Actors (0.000 secs)
[2018.12.30-12.52.09:141][  0]Cmd: MAP CHECKDEP NOCLEARLOG
[2018.12.30-12.52.09:141][  0]MapCheck: Map check complete: 0 Error(s), 0 Warning(s), took 0,081ms to complete.
[2018.12.30-12.52.09:141][  0]LogFileHelpers: Loading map 'ThirdPersonExampleMap' took 0.153
[2018.12.30-12.52.09:152][  0]LogWindowsTextInputMethodSystem: Display: IME system now deactivated.
[2018.12.30-12.52.09:170][  0]LogSlate: Updating window title bar state: overlay mode, drag disabled, window buttons hidden, title bar hidden
[2018.12.30-12.52.09:176][  0]LogSlate: Updating window title bar state: overlay mode, drag disabled, window buttons hidden, title bar hidden
[2018.12.30-12.52.09:181][  0]LogSlate: Updating window title bar state: overlay mode, drag disabled, window buttons hidden, title bar hidden
[2018.12.30-12.52.09:186][  0]LogSlate: Updating window title bar state: overlay mode, drag disabled, window buttons hidden, title bar hidden
[2018.12.30-12.52.09:191][  0]LogCollectionManager: Loaded 0 collections in 0.001318 seconds
[2018.12.30-12.52.09:206][  0]LogFileCache: Scanning file cache for directory 'D:/Unreal Projects/CaciaraInClasse-5e0a460aecb3bc30fe403f8e94b51369455ec320/Saved/Collections/' took 0.01s
[2018.12.30-12.52.09:206][  0]LogFileCache: Scanning file cache for directory 'D:/Unreal Projects/CaciaraInClasse-5e0a460aecb3bc30fe403f8e94b51369455ec320/Content/Developers/Andrea/Collections/' took 0.00s
[2018.12.30-12.52.09:206][  0]LogFileCache: Scanning file cache for directory 'D:/Unreal Projects/CaciaraInClasse-5e0a460aecb3bc30fe403f8e94b51369455ec320/Content/Collections/' took 0.00s
[2018.12.30-12.52.09:206][  0]LogCollectionManager: Rebuilt the GUID cache for 0 collections in 0.000000 seconds
[2018.12.30-12.52.09:213][  0]LogContentBrowser: Native class hierarchy populated in 0.0067 seconds. Added 2659 classes and 623 folders.
[2018.12.30-12.52.09:217][  0]LogContentBrowser: Native class hierarchy updated for 'WidgetCarousel' in 0.0002 seconds. Added 0 classes and 0 folders.
[2018.12.30-12.52.09:218][  0]LogPakFile: Registered encryption key '00000000000000000000000000000000': 0 pak files mounted, 0 remain pending
[2018.12.30-12.52.09:219][  0]LogPakFile: Registered encryption key '00000000000000000000000000000000': 0 pak files mounted, 0 remain pending
[2018.12.30-12.52.09:219][  0]LogPakFile: Registered encryption key '00000000000000000000000000000000': 0 pak files mounted, 0 remain pending
[2018.12.30-12.52.09:219][  0]LogPakFile: Registered encryption key '00000000000000000000000000000000': 0 pak files mounted, 0 remain pending
[2018.12.30-12.52.09:220][  0]LogPakFile: Registered encryption key '00000000000000000000000000000000': 0 pak files mounted, 0 remain pending
[2018.12.30-12.52.09:220][  0]LogPakFile: Registered encryption key '00000000000000000000000000000000': 0 pak files mounted, 0 remain pending
[2018.12.30-12.52.09:220][  0]LogPakFile: Registered encryption key '00000000000000000000000000000000': 0 pak files mounted, 0 remain pending
[2018.12.30-12.52.09:221][  0]LogPakFile: Registered encryption key '00000000000000000000000000000000': 0 pak files mounted, 0 remain pending
[2018.12.30-12.52.09:221][  0]LogPakFile: Registered encryption key '00000000000000000000000000000000': 0 pak files mounted, 0 remain pending
[2018.12.30-12.52.09:221][  0]LogPakFile: Registered encryption key '00000000000000000000000000000000': 0 pak files mounted, 0 remain pending
[2018.12.30-12.52.09:222][  0]LogPakFile: Registered encryption key '00000000000000000000000000000000': 0 pak files mounted, 0 remain pending
[2018.12.30-12.52.09:222][  0]LogPakFile: Registered encryption key '00000000000000000000000000000000': 0 pak files mounted, 0 remain pending
[2018.12.30-12.52.09:222][  0]LogPakFile: Registered encryption key '00000000000000000000000000000000': 0 pak files mounted, 0 remain pending
[2018.12.30-12.52.09:222][  0]LogPakFile: Registered encryption key '00000000000000000000000000000000': 0 pak files mounted, 0 remain pending
[2018.12.30-12.52.09:223][  0]LogPakFile: Registered encryption key '00000000000000000000000000000000': 0 pak files mounted, 0 remain pending
[2018.12.30-12.52.09:223][  0]LogPakFile: Registered encryption key '00000000000000000000000000000000': 0 pak files mounted, 0 remain pending
[2018.12.30-12.52.09:224][  0]LogPakFile: Registered encryption key '00000000000000000000000000000000': 0 pak files mounted, 0 remain pending
[2018.12.30-12.52.09:224][  0]LogPakFile: Registered encryption key '00000000000000000000000000000000': 0 pak files mounted, 0 remain pending
[2018.12.30-12.52.09:224][  0]LogPakFile: Registered encryption key '00000000000000000000000000000000': 0 pak files mounted, 0 remain pending
[2018.12.30-12.52.09:224][  0]LogPakFile: Registered encryption key '00000000000000000000000000000000': 0 pak files mounted, 0 remain pending
[2018.12.30-12.52.09:225][  0]LogPakFile: Registered encryption key '00000000000000000000000000000000': 0 pak files mounted, 0 remain pending
[2018.12.30-12.52.09:225][  0]LogPakFile: Registered encryption key '00000000000000000000000000000000': 0 pak files mounted, 0 remain pending
[2018.12.30-12.52.09:225][  0]LogPakFile: Registered encryption key '00000000000000000000000000000000': 0 pak files mounted, 0 remain pending
[2018.12.30-12.52.09:226][  0]LogPakFile: Registered encryption key '00000000000000000000000000000000': 0 pak files mounted, 0 remain pending
[2018.12.30-12.52.09:226][  0]LogPakFile: Registered encryption key '00000000000000000000000000000000': 0 pak files mounted, 0 remain pending
[2018.12.30-12.52.09:227][  0]LogPakFile: Registered encryption key '00000000000000000000000000000000': 0 pak files mounted, 0 remain pending
[2018.12.30-12.52.09:250][  0]LogContentBrowser: Native class hierarchy updated for 'AddContentDialog' in 0.0003 seconds. Added 0 classes and 0 folders.
[2018.12.30-12.52.09:254][  0]LogContentBrowser: Native class hierarchy updated for 'SceneOutliner' in 0.0002 seconds. Added 1 classes and 2 folders.
[2018.12.30-12.52.09:264][  0]LogSlate: Took 0.000113 seconds to synchronously load lazily loaded font '../../../Engine/Content/Slate/Fonts/Roboto-Bold.ttf' (160K)
[2018.12.30-12.52.09:268][  0]LogSlate: Took 0.000123 seconds to synchronously load lazily loaded font '../../../Engine/Content/Editor/Slate/Fonts/FontAwesome.ttf' (139K)
[2018.12.30-12.52.09:307][  0]LogRenderer: Reallocating scene render targets to support 1208x600 Format 10 NumSamples 1 (Frame:1).
[2018.12.30-12.52.09:387][  0]LogContentBrowser: Native class hierarchy updated for 'HierarchicalLODOutliner' in 0.0003 seconds. Added 0 classes and 0 folders.
[2018.12.30-12.52.09:387][  0]LogLoad: (Engine Initialization) Total time: 21.05 seconds
[2018.12.30-12.52.09:387][  0]LogLoad: (Engine Initialization) Total Blueprint compile time: 0.00 seconds
[2018.12.30-12.52.09:453][  0]LogContentStreaming: Texture pool size now 1000 MB
[2018.12.30-12.52.09:468][  0]LogSlate: Took 0.000144 seconds to synchronously load lazily loaded font '../../../Engine/Content/Slate/Fonts/Roboto-Light.ttf' (167K)
[2018.12.30-12.52.09:510][  1]LogAssetRegistry: Asset discovery search completed in 14.5766 seconds
[2018.12.30-12.52.09:511][  1]LogCollectionManager: Rebuilt the object cache for 0 collections in 0.000000 seconds (found 0 objects)
[2018.12.30-12.52.09:511][  1]LogCollectionManager: Fixed up redirectors for 0 collections in 0.000052 seconds (updated 0 objects)
[2018.12.30-12.52.10:413][105]LogSlate: Took 0.000147 seconds to synchronously load lazily loaded font '../../../Engine/Content/Slate/Fonts/Roboto-Light.ttf' (167K)
[2018.12.30-12.52.13:401][464]LogSlate: FSceneViewport::OnFocusLost() reason 0
[2018.12.30-12.52.24:451][790]LogEditorViewport: Clicking on Actor (LMB): OggettoPrendibile_C (OggettoPrendibile4)
[2018.12.30-12.52.29:389][379]LogSlate: FSceneViewport::OnFocusLost() reason 0
[2018.12.30-12.52.58:632][728]LogAssetEditorManager: Opening Asset editor for Blueprint /Game/Oggetti/OggettoPrendibile.OggettoPrendibile
[2018.12.30-12.52.58:954][728]LogContentBrowser: Native class hierarchy updated for 'BlueprintGraph' in 0.0005 seconds. Added 117 classes and 0 folders.
[2018.12.30-12.52.59:504][728]LogSlate: Took 0.000153 seconds to synchronously load lazily loaded font '../../../Engine/Content/Slate/Fonts/Roboto-BoldCondensed.ttf' (158K)
[2018.12.30-12.52.59:540][729]LogSlate: Took 0.000154 seconds to synchronously load lazily loaded font '../../../Engine/Content/Slate/Fonts/Roboto-Italic.ttf' (157K)
[2018.12.30-12.54.17:635][762]LogAssetEditorManager: Opening Asset editor for Blueprint /Game/ThirdPersonCPP/Blueprints/ThirdPersonCharacter.ThirdPersonCharacter
[2018.12.30-12.55.12:680][731]LogAssetEditorManager: Opening Asset editor for Blueprint /Game/AI/CICAIController_BP.CICAIController_BP
[2018.12.30-12.56.51:195][ 36]LogEditorViewport: Clicking on Actor (LMB): ThirdPersonCharacter_C (nanni)
[2018.12.30-12.56.52:850][218]LogSlate: FSceneViewport::OnFocusLost() reason 0
[2018.12.30-12.57.06:362][605]LogEditorViewport: Clicking on Actor (LMB): ThirdPersonCharacter_C (nanni)
[2018.12.30-12.57.10:193][ 58]LogSlate: FSceneViewport::OnFocusLost() reason 0
[2018.12.30-12.57.16:006][650]LogTemp: Repeating last play command: Selected Viewport
[2018.12.30-12.57.16:020][650]LogBlueprintUserMessages: Early PlayInEditor Detection: Level '/Game/ThirdPersonCPP/Maps/ThirdPersonExampleMap.ThirdPersonExampleMap:PersistentLevel' has LevelScriptBlueprint '/Game/ThirdPersonCPP/Maps/ThirdPersonExampleMap.ThirdPersonExampleMap:PersistentLevel.ThirdPersonExampleMap' with GeneratedClass '/Game/ThirdPersonCPP/Maps/ThirdPersonExampleMap.ThirdPersonExampleMap_C' with ClassGeneratedBy '/Game/ThirdPersonCPP/Maps/ThirdPersonExampleMap.ThirdPersonExampleMap:PersistentLevel.ThirdPersonExampleMap'
[2018.12.30-12.57.16:020][650]LogPlayLevel: PlayLevel: No blueprints needed recompiling
[2018.12.30-12.57.16:022][650]PIE: New page: PIE session: ThirdPersonExampleMap (30/dic/2018 14:57:16)
[2018.12.30-12.57.16:033][650]LogPlayLevel: Creating play world package: /Game/ThirdPersonCPP/Maps/UEDPIE_0_ThirdPersonExampleMap
[2018.12.30-12.57.16:049][650]LogPlayLevel: PIE: StaticDuplicateObject took: (0.015785s)
[2018.12.30-12.57.16:049][650]LogAIModule: Creating AISystem for world ThirdPersonExampleMap
[2018.12.30-12.57.16:049][650]LogPlayLevel: PIE: World Init took: (0.000593s)
[2018.12.30-12.57.16:049][650]LogPlayLevel: PIE: Created PIE world by copying editor world from /Game/ThirdPersonCPP/Maps/ThirdPersonExampleMap.ThirdPersonExampleMap to /Game/ThirdPersonCPP/Maps/UEDPIE_0_ThirdPersonExampleMap.ThirdPersonExampleMap (0.016639s)
[2018.12.30-12.57.16:129][650]LogInit: XAudio2 using 'VIVE Pro (NVIDIA High Definition Audio)' : 2 channels at 48 kHz using 16 bits per sample (channel mask 0x3)
[2018.12.30-12.57.16:138][650]LogInit: FAudioDevice initialized.
[2018.12.30-12.57.16:186][650]LogLoad: Game class is 'GameMode_BP_C'
[2018.12.30-12.57.16:189][650]LogWorld: Bringing World /Game/ThirdPersonCPP/Maps/UEDPIE_0_ThirdPersonExampleMap.ThirdPersonExampleMap up for play (max tick rate 0) at 2018.12.30-13.57.16
[2018.12.30-12.57.16:189][650]LogWorld: Bringing up level for play took: 0.002075
[2018.12.30-12.57.16:205][650]LogContentBrowser: Native class hierarchy updated for 'MovieSceneCapture' in 0.0003 seconds. Added 20 classes and 0 folders.
[2018.12.30-12.57.16:205][650]LogTemp: Warning: LFAIR
[2018.12.30-12.57.16:206][650]PIE: Play in editor start time for /Game/ThirdPersonCPP/Maps/UEDPIE_0_ThirdPersonExampleMap -0,054
[2018.12.30-12.57.16:206][650]LogBlueprintUserMessages: Late PlayInEditor Detection: Level '/Game/ThirdPersonCPP/Maps/ThirdPersonExampleMap.ThirdPersonExampleMap:PersistentLevel' has LevelScriptBlueprint '/Game/ThirdPersonCPP/Maps/ThirdPersonExampleMap.ThirdPersonExampleMap:PersistentLevel.ThirdPersonExampleMap' with GeneratedClass '/Game/ThirdPersonCPP/Maps/ThirdPersonExampleMap.ThirdPersonExampleMap_C' with ClassGeneratedBy '/Game/ThirdPersonCPP/Maps/ThirdPersonExampleMap.ThirdPersonExampleMap:PersistentLevel.ThirdPersonExampleMap'
[2018.12.30-12.57.16:207][650]LogTemp: Warning: LFAIR
[2018.12.30-12.57.18:710][826]LogWindows: Error: === Critical error: ===
[2018.12.30-12.57.18:710][826]LogWindows: Error: 
[2018.12.30-12.57.18:710][826]LogWindows: Error: Fatal error!
[2018.12.30-12.57.18:710][826]LogWindows: Error: 
[2018.12.30-12.57.18:710][826]LogWindows: Error: Unhandled Exception: EXCEPTION_ACCESS_VIOLATION reading address 0x00000001
[2018.12.30-12.57.18:710][826]LogWindows: Error: 
[2018.12.30-12.57.18:710][826]LogWindows: Error: [Callstack] 0x00007ffec55641cd ucrtbase.dll!UnknownFunction []
[2018.12.30-12.57.18:710][826]LogWindows: Error: [Callstack] 0x00007ffec554d6bd ucrtbase.dll!UnknownFunction []
[2018.12.30-12.57.18:710][826]LogWindows: Error: [Callstack] 0x00007ffec554cfb0 ucrtbase.dll!UnknownFunction []
[2018.12.30-12.57.18:710][826]LogWindows: Error: [Callstack] 0x00007ffe4f27e8e7 UE4Editor-Core.dll!UnknownFunction []
[2018.12.30-12.57.18:710][826]LogWindows: Error: [Callstack] 0x00007ffe547e67df UE4Editor-CaciaraInClasse-4939.dll!UChiappaETiraComponent::Throw() [d:\unreal projects\caciarainclasse-5e0a460aecb3bc30fe403f8e94b51369455ec320\source\caciarainclasse\private\chiappaetiracomponent.cpp:144]
[2018.12.30-12.57.18:710][826]LogWindows: Error: [Callstack] 0x00007ffe547e732a UE4Editor-CaciaraInClasse-4939.dll!ACICAIController::Throw() [d:\unreal projects\caciarainclasse-5e0a460aecb3bc30fe403f8e94b51369455ec320\source\caciarainclasse\private\cicaicontroller.cpp:81]
[2018.12.30-12.57.18:710][826]LogWindows: Error: [Callstack] 0x00007ffe4eb54b14 UE4Editor-CoreUObject.dll!UnknownFunction []
[2018.12.30-12.57.18:710][826]LogWindows: Error: [Callstack] 0x00007ffe4ed594ca UE4Editor-CoreUObject.dll!UnknownFunction []
[2018.12.30-12.57.18:710][826]LogWindows: Error: [Callstack] 0x00007ffe4ed7dd1c UE4Editor-CoreUObject.dll!UnknownFunction []
[2018.12.30-12.57.18:711][826]LogWindows: Error: [Callstack] 0x00007ffe4ed8045f UE4Editor-CoreUObject.dll!UnknownFunction []
[2018.12.30-12.57.18:711][826]LogWindows: Error: [Callstack] 0x00007ffe4eb54b14 UE4Editor-CoreUObject.dll!UnknownFunction []
[2018.12.30-12.57.18:711][826]LogWindows: Error: [Callstack] 0x00007ffe4ed7f9f8 UE4Editor-CoreUObject.dll!UnknownFunction []
[2018.12.30-12.57.18:711][826]LogWindows: Error: [Callstack] 0x00007ffe4c74baf1 UE4Editor-Engine.dll!UnknownFunction []
[2018.12.30-12.57.18:711][826]LogWindows: Error: [Callstack] 0x00007ffe4c73114a UE4Editor-Engine.dll!UnknownFunction []
[2018.12.30-12.57.18:711][826]LogWindows: Error: [Callstack] 0x00007ffe4c7d834f UE4Editor-Engine.dll!UnknownFunction []
[2018.12.30-12.57.18:711][826]LogWindows: Error: [Callstack] 0x00007ffe49f21fa5 UE4Editor-UnrealEd.dll!UnknownFunction []
[2018.12.30-12.57.18:711][826]LogWindows: Error: [Callstack] 0x00007ffe4a842256 UE4Editor-UnrealEd.dll!UnknownFunction []
[2018.12.30-12.57.18:711][826]LogWindows: Error: [Callstack] 0x00007ff63e4b6225 UE4Editor.exe!UnknownFunction []
[2018.12.30-12.57.18:711][826]LogWindows: Error: [Callstack] 0x00007ff63e4c596c UE4Editor.exe!UnknownFunction []
[2018.12.30-12.57.18:711][826]LogWindows: Error: [Callstack] 0x00007ff63e4c59ea UE4Editor.exe!UnknownFunction []
[2018.12.30-12.57.18:711][826]LogWindows: Error: [Callstack] 0x00007ff63e4d48da UE4Editor.exe!UnknownFunction []
[2018.12.30-12.57.18:711][826]LogWindows: Error: [Callstack] 0x00007ff63e4d659a UE4Editor.exe!UnknownFunction []
[2018.12.30-12.57.18:711][826]LogWindows: Error: [Callstack] 0x00007ffec6ce7e94 KERNEL32.DLL!UnknownFunction []
[2018.12.30-12.57.18:711][826]LogWindows: Error: [Callstack] 0x00007ffec930a251 ntdll.dll!UnknownFunction []
[2018.12.30-12.57.18:711][826]LogWindows: Error: 
[2018.12.30-12.57.18:717][826]LogExit: Executing StaticShutdownAfterError
[2018.12.30-12.57.18:720][826]LogWindows: FPlatformMisc::RequestExit(1)
[2018.12.30-12.57.18:724][826]Log file closed, 12/30/18 13:57:18
